[00:07:49] [main/INFO]: Environment: authHost='https://authserver.mojang.com', accountsHost='https://api.mojang.com', sessionHost='https://sessionserver.mojang.com', servicesHost='https://api.minecraftservices.com', name='PROD'
[00:07:49] [main/INFO]: Found new data pack file/bukkit, loading it automatically
[00:07:49] [main/INFO]: Reloading ResourceManager: Default, bukkit
[00:07:50] [Worker-Main-2/INFO]: Loaded 7 recipes
[00:07:51] [Server thread/INFO]: Starting minecraft server version 1.16.5
[00:07:51] [Server thread/INFO]: Loading properties
[00:07:51] [Server thread/INFO]: This server is running Paper version git-Paper-794 (MC: 1.16.5) (Implementing API version 1.16.5-R0.1-SNAPSHOT)
[00:07:51] [Server thread/INFO]: Debug logging is disabled
[00:07:51] [Server thread/INFO]: Server Ping Player Sample Count: 12
[00:07:51] [Server thread/INFO]: Using 4 threads for Netty based IO
[00:07:51] [Server thread/INFO]: Default game type: SURVIVAL
[00:07:51] [Server thread/INFO]: Generating keypair
[00:07:51] [Server thread/INFO]: Starting Minecraft server on *:25565
[00:07:51] [Server thread/INFO]: Using epoll channel type
[00:07:51] [Server thread/WARN]: **** SERVER IS RUNNING IN OFFLINE/INSECURE MODE!
[00:07:51] [Server thread/WARN]: The server will make no attempt to authenticate usernames. Beware.
[00:07:51] [Server thread/WARN]: While this makes the game possible to play without internet access, it also opens up the ability for hackers to connect with any username they choose.
[00:07:51] [Server thread/WARN]: To change this, set "online-mode" to "true" in the server.properties file.
[00:07:51] [Server thread/INFO]: Preparing level "world"
[00:07:54] [Server thread/WARN]: Unable to find spawn biome
[00:07:55] [Server thread/WARN]: Unable to find spawn biome
[00:07:55] [Server thread/INFO]: Preparing start region for dimension minecraft:overworld
[00:07:55] [Worker-Main-1/INFO]: Preparing spawn area: 0%
[00:07:55] [Server thread/INFO]: Time elapsed: 271 ms
[00:07:55] [Server thread/INFO]: Preparing start region for dimension minecraft:the_nether
[00:07:55] [Worker-Main-1/INFO]: Preparing spawn area: 0%
[00:07:56] [Worker-Main-2/INFO]: Preparing spawn area: 0%
[00:07:56] [Server thread/INFO]: Time elapsed: 518 ms
[00:07:56] [Server thread/INFO]: Preparing start region for dimension minecraft:the_end
[00:07:56] [Worker-Main-1/INFO]: Preparing spawn area: 0%
[00:07:56] [Server thread/INFO]: Time elapsed: 505 ms
[00:07:56] [Server thread/INFO]: Running delayed init tasks
[00:07:56] [Server thread/INFO]: Done (5.768s)! For help, type "help"
[00:07:56] [Server thread/WARN]: [io.papermc.paper.util.PaperJvmChecker] ************************************************************
[00:07:56] [Server thread/WARN]: [io.papermc.paper.util.PaperJvmChecker] * WARNING - YOU ARE RUNNING AN OUTDATED VERSION OF JAVA.
[00:07:56] [Server thread/WARN]: [io.papermc.paper.util.PaperJvmChecker] * PAPER WILL STOP BEING COMPATIBLE WITH THIS VERSION OF
[00:07:56] [Server thread/WARN]: [io.papermc.paper.util.PaperJvmChecker] * JAVA WHEN MINECRAFT 1.17 IS RELEASED.
[00:07:56] [Server thread/WARN]: [io.papermc.paper.util.PaperJvmChecker] *
[00:07:56] [Server thread/WARN]: [io.papermc.paper.util.PaperJvmChecker] * Please update the version of Java you use to run Paper
[00:07:56] [Server thread/WARN]: [io.papermc.paper.util.PaperJvmChecker] * to at least Java 16. When Paper for Minecraft 1.17 is
[00:07:56] [Server thread/WARN]: [io.papermc.paper.util.PaperJvmChecker] * released support for versions of Java before 16 will
[00:07:56] [Server thread/WARN]: [io.papermc.paper.util.PaperJvmChecker] * be dropped.
[00:07:56] [Server thread/WARN]: [io.papermc.paper.util.PaperJvmChecker] *
[00:07:56] [Server thread/WARN]: [io.papermc.paper.util.PaperJvmChecker] * Current Java version: 11.0.26
[00:07:56] [Server thread/WARN]: [io.papermc.paper.util.PaperJvmChecker] *
[00:07:56] [Server thread/WARN]: [io.papermc.paper.util.PaperJvmChecker] * Check this forum post for more information: 
[00:07:56] [Server thread/WARN]: [io.papermc.paper.util.PaperJvmChecker] *   https://papermc.io/java16
[00:07:56] [Server thread/WARN]: [io.papermc.paper.util.PaperJvmChecker] ************************************************************
[00:07:56] [Server thread/INFO]: Timings Reset
[00:08:33] [Server thread/INFO]: Stopping the server
[00:08:33] [Server thread/INFO]: Stopping server
[00:08:33] [Server thread/INFO]: Saving players
[00:08:33] [Server thread/INFO]: Saving worlds
[00:08:33] [Server thread/INFO]: Saving chunks for level 'ServerLevel[world]'/minecraft:overworld
[00:08:34] [Server thread/INFO]: ThreadedAnvilChunkStorage (world): All chunks are saved
[00:08:34] [Server thread/INFO]: Saving chunks for level 'ServerLevel[world_nether]'/minecraft:the_nether
[00:08:34] [Server thread/INFO]: ThreadedAnvilChunkStorage (DIM-1): All chunks are saved
[00:08:34] [Server thread/INFO]: Saving chunks for level 'ServerLevel[world_the_end]'/minecraft:the_end
[00:08:34] [Server thread/INFO]: ThreadedAnvilChunkStorage (DIM1): All chunks are saved
[00:08:34] [Server thread/INFO]: ThreadedAnvilChunkStorage (world): All chunks are saved
[00:08:34] [Server thread/INFO]: ThreadedAnvilChunkStorage (DIM-1): All chunks are saved
[00:08:34] [Server thread/INFO]: ThreadedAnvilChunkStorage (DIM1): All chunks are saved
[00:08:35] [Server thread/INFO]: Flushing Chunk IO
[00:08:35] [Server thread/INFO]: Closing Thread Pool
[00:08:35] [Server thread/INFO]: Closing Server
